<?xml version="1.0" encoding="UTF-8"?>
<testng-results ignored="0" total="3" passed="3" failed="0" skipped="0">
  <reporter-output>
  </reporter-output>
  <suite started-at="2025-06-15T05:04:31Z" name="Simplilearn" finished-at="2025-06-15T05:04:41Z" duration-ms="9694">
    <groups>
    </groups>
    <test started-at="2025-06-15T05:04:31Z" name="SmokeTest" finished-at="2025-06-15T05:04:41Z" duration-ms="9694">
      <class name="swaglab_test.LoginTest">
        <test-method is-config="true" signature="Setup()[pri:0, instance:swaglab_test.LoginTest@2af004b]" started-at="2025-06-15T05:04:31Z" name="Setup" finished-at="2025-06-15T05:04:36Z" duration-ms="5107" status="PASS">
          <reporter-output>
          </reporter-output>
        </test-method> <!-- Setup -->
        <test-method signature="LoginSuccessTest()[pri:0, instance:swaglab_test.LoginTest@2af004b]" started-at="2025-06-15T05:04:36Z" name="LoginSuccessTest" finished-at="2025-06-15T05:04:36Z" duration-ms="315" status="PASS">
          <reporter-output>
          </reporter-output>
        </test-method> <!-- LoginSuccessTest -->
        <test-method is-config="true" signature="TearDown()[pri:0, instance:swaglab_test.LoginTest@2af004b]" started-at="2025-06-15T05:04:36Z" name="TearDown" finished-at="2025-06-15T05:04:36Z" duration-ms="114" status="PASS">
          <reporter-output>
          </reporter-output>
        </test-method> <!-- TearDown -->
        <test-method is-config="true" signature="Setup()[pri:0, instance:swaglab_test.LoginTest@2af004b]" started-at="2025-06-15T05:04:36Z" name="Setup" finished-at="2025-06-15T05:04:38Z" duration-ms="1370" status="PASS">
          <reporter-output>
          </reporter-output>
        </test-method> <!-- Setup -->
        <test-method signature="LoginFailureTest()[pri:1, instance:swaglab_test.LoginTest@2af004b]" started-at="2025-06-15T05:04:38Z" name="LoginFailureTest" finished-at="2025-06-15T05:04:38Z" duration-ms="237" status="PASS">
          <reporter-output>
          </reporter-output>
        </test-method> <!-- LoginFailureTest -->
        <test-method is-config="true" signature="TearDown()[pri:0, instance:swaglab_test.LoginTest@2af004b]" started-at="2025-06-15T05:04:38Z" name="TearDown" finished-at="2025-06-15T05:04:39Z" duration-ms="754" status="PASS">
          <reporter-output>
          </reporter-output>
        </test-method> <!-- TearDown -->
        <test-method is-config="true" signature="Setup()[pri:0, instance:swaglab_test.LoginTest@2af004b]" started-at="2025-06-15T05:04:39Z" name="Setup" finished-at="2025-06-15T05:04:40Z" duration-ms="1432" status="PASS">
          <reporter-output>
          </reporter-output>
        </test-method> <!-- Setup -->
        <test-method signature="LockedUserLoginFailureTest()[pri:2, instance:swaglab_test.LoginTest@2af004b]" started-at="2025-06-15T05:04:40Z" name="LockedUserLoginFailureTest" finished-at="2025-06-15T05:04:40Z" duration-ms="257" status="PASS">
          <reporter-output>
          </reporter-output>
        </test-method> <!-- LockedUserLoginFailureTest -->
        <test-method is-config="true" signature="TearDown()[pri:0, instance:swaglab_test.LoginTest@2af004b]" started-at="2025-06-15T05:04:40Z" name="TearDown" finished-at="2025-06-15T05:04:41Z" duration-ms="92" status="PASS">
          <reporter-output>
          </reporter-output>
        </test-method> <!-- TearDown -->
      </class> <!-- swaglab_test.LoginTest -->
    </test> <!-- SmokeTest -->
  </suite> <!-- Simplilearn -->
</testng-results>
