<?xml version="1.0" encoding="UTF-8"?>
<!-- Generated by org.testng.reporters.JUnitXMLReporter -->
<testsuite ignored="0" hostname="Lekha-LP-289" failures="0" tests="3" name="Default test" time="8.948" errors="0" timestamp="14 Jun 2025 16:17:49 GMT">
  <testcase classname="swaglab_test.LoginTest" name="LoginSuccessTest" time="0.361"/>
  <testcase classname="swaglab_test.LoginTest" name="LoginFailureTest" time="0.283"/>
  <testcase classname="swaglab_test.LoginTest" name="LockedUserLoginFailureTest" time="0.264"/>
</testsuite> <!-- Default test -->
