<?xml version="1.0" encoding="UTF-8"?>
<!-- Generated by org.testng.reporters.JUnitXMLReporter -->
<testsuite ignored="0" hostname="Lekha-LP-289" failures="0" tests="3" name="SmokeTest" time="9.694" errors="0" timestamp="15 Jun 2025 05:04:41 GMT">
  <testcase classname="swaglab_test.LoginTest" name="LoginSuccessTest" time="0.315"/>
  <testcase classname="swaglab_test.LoginTest" name="LoginFailureTest" time="0.237"/>
  <testcase classname="swaglab_test.LoginTest" name="LockedUserLoginFailureTest" time="0.257"/>
</testsuite> <!-- SmokeTest -->
