<?xml version="1.0" encoding="UTF-8"?>
<testng-results ignored="0" total="3" passed="3" failed="0" skipped="0">
  <reporter-output>
  </reporter-output>
  <suite started-at="2025-06-14T16:20:52Z" name="Simplilearn" finished-at="2025-06-14T16:20:59Z" duration-ms="7070">
    <groups>
    </groups>
    <test started-at="2025-06-14T16:20:52Z" name="SmokeTest" finished-at="2025-06-14T16:20:59Z" duration-ms="7070">
      <class name="swaglab_test.LoginTest">
        <test-method is-config="true" signature="Setup()[pri:0, instance:swaglab_test.LoginTest@6c4906d3]" started-at="2025-06-14T16:20:52Z" name="Setup" finished-at="2025-06-14T16:20:55Z" duration-ms="2431" status="PASS">
          <reporter-output>
          </reporter-output>
        </test-method> <!-- Setup -->
        <test-method signature="LoginSuccessTest()[pri:0, instance:swaglab_test.LoginTest@6c4906d3]" started-at="2025-06-14T16:20:55Z" name="LoginSuccessTest" finished-at="2025-06-14T16:20:55Z" duration-ms="300" status="PASS">
          <reporter-output>
          </reporter-output>
        </test-method> <!-- LoginSuccessTest -->
        <test-method is-config="true" signature="TearDown()[pri:0, instance:swaglab_test.LoginTest@6c4906d3]" started-at="2025-06-14T16:20:55Z" name="TearDown" finished-at="2025-06-14T16:20:55Z" duration-ms="130" status="PASS">
          <reporter-output>
          </reporter-output>
        </test-method> <!-- TearDown -->
        <test-method is-config="true" signature="Setup()[pri:0, instance:swaglab_test.LoginTest@6c4906d3]" started-at="2025-06-14T16:20:55Z" name="Setup" finished-at="2025-06-14T16:20:57Z" duration-ms="1718" status="PASS">
          <reporter-output>
          </reporter-output>
        </test-method> <!-- Setup -->
        <test-method signature="LoginFailureTest()[pri:1, instance:swaglab_test.LoginTest@6c4906d3]" started-at="2025-06-14T16:20:57Z" name="LoginFailureTest" finished-at="2025-06-14T16:20:57Z" duration-ms="283" status="PASS">
          <reporter-output>
          </reporter-output>
        </test-method> <!-- LoginFailureTest -->
        <test-method is-config="true" signature="TearDown()[pri:0, instance:swaglab_test.LoginTest@6c4906d3]" started-at="2025-06-14T16:20:57Z" name="TearDown" finished-at="2025-06-14T16:20:57Z" duration-ms="131" status="PASS">
          <reporter-output>
          </reporter-output>
        </test-method> <!-- TearDown -->
        <test-method is-config="true" signature="Setup()[pri:0, instance:swaglab_test.LoginTest@6c4906d3]" started-at="2025-06-14T16:20:57Z" name="Setup" finished-at="2025-06-14T16:20:59Z" duration-ms="1613" status="PASS">
          <reporter-output>
          </reporter-output>
        </test-method> <!-- Setup -->
        <test-method signature="LockedUserLoginFailureTest()[pri:2, instance:swaglab_test.LoginTest@6c4906d3]" started-at="2025-06-14T16:20:59Z" name="LockedUserLoginFailureTest" finished-at="2025-06-14T16:20:59Z" duration-ms="278" status="PASS">
          <reporter-output>
          </reporter-output>
        </test-method> <!-- LockedUserLoginFailureTest -->
        <test-method is-config="true" signature="TearDown()[pri:0, instance:swaglab_test.LoginTest@6c4906d3]" started-at="2025-06-14T16:20:59Z" name="TearDown" finished-at="2025-06-14T16:20:59Z" duration-ms="170" status="PASS">
          <reporter-output>
          </reporter-output>
        </test-method> <!-- TearDown -->
      </class> <!-- swaglab_test.LoginTest -->
    </test> <!-- SmokeTest -->
  </suite> <!-- Simplilearn -->
</testng-results>
