<?xml version="1.0" encoding="UTF-8"?>
<!-- Generated by org.testng.reporters.JUnitXMLReporter -->
<testsuite ignored="2" hostname="Lekha-LP-289" failures="0" tests="4" name="Smaketest" time="0.062" errors="0" timestamp="18 Apr 2025 02:11:55 GMT">
  <testcase classname="testng.AnnotationsExample" name="test1" time="0.01"/>
  <testcase classname="testng.AnnotationsExample" name="test2" time="0.002"/>
  <testcase classname="testng.AnnotationsExample2" name="test3" time="0.002"/>
  <testcase classname="testng.AnnotationsExample2" name="test4" time="0.001"/>
  <testcase classname="testng.BaseClass" name="@BeforeTest method3" time="0.0">
    <ignored/>
  </testcase> <!-- @BeforeTest method3 -->
  <testcase classname="testng.BaseClass" name="@AfterTest method4" time="0.0">
    <ignored/>
  </testcase> <!-- @AfterTest method4 -->
</testsuite> <!-- Smaketest -->
