<?xml version="1.0" encoding="UTF-8"?>
<!-- Generated by org.testng.reporters.JUnitXMLReporter -->
<testsuite ignored="0" hostname="Lekha-LP-289" failures="0" tests="3" name="SmokeTest" time="7.07" errors="0" timestamp="14 Jun 2025 16:20:59 GMT">
  <testcase classname="swaglab_test.LoginTest" name="LoginSuccessTest" time="0.3"/>
  <testcase classname="swaglab_test.LoginTest" name="LoginFailureTest" time="0.283"/>
  <testcase classname="swaglab_test.LoginTest" name="LockedUserLoginFailureTest" time="0.278"/>
</testsuite> <!-- SmokeTest -->
